TN:verilator_coverage
SF:/Users/macbook/chip_dev/ripple/ram/rtl/block_ram_model.v
DA:14,2629
DA:15,51
BRDA:15,0,0,45
BRDA:15,0,1,51
BRDA:15,0,2,49
BRDA:15,0,3,34
BRDA:15,0,4,0
BRDA:15,0,5,0
BRDA:15,0,6,0
BRDA:15,0,7,0
DA:16,54
BRDA:16,0,0,47
BRDA:16,0,1,0
BRDA:16,0,2,0
BRDA:16,0,3,0
BRDA:16,0,4,0
BRDA:16,0,5,0
BRDA:16,0,6,0
BRDA:16,0,7,0
BRDA:16,0,8,0
BRDA:16,0,9,0
BRDA:16,0,10,0
BRDA:16,0,11,54
BRDA:16,0,12,0
BRDA:16,0,13,0
BRDA:16,0,14,0
BRDA:16,0,15,0
BRDA:16,0,16,0
BRDA:16,0,17,0
BRDA:16,0,18,0
BRDA:16,0,19,0
BRDA:16,0,20,0
BRDA:16,0,21,0
BRDA:16,0,22,52
BRDA:16,0,23,0
BRDA:16,0,24,0
BRDA:16,0,25,46
BRDA:16,0,26,46
BRDA:16,0,27,13
BRDA:16,0,28,0
BRDA:16,0,29,0
BRDA:16,0,30,0
BRDA:16,0,31,0
DA:17,0
BRDA:17,0,0,0
BRDA:17,0,1,0
BRDA:17,0,2,0
BRDA:17,0,3,0
BRDA:17,0,4,0
BRDA:17,0,5,0
BRDA:17,0,6,0
BRDA:17,0,7,0
BRDA:17,0,8,0
BRDA:17,0,9,0
BRDA:17,0,10,0
BRDA:17,0,11,0
BRDA:17,0,12,0
BRDA:17,0,13,0
BRDA:17,0,14,0
BRDA:17,0,15,0
BRDA:17,0,16,0
BRDA:17,0,17,0
BRDA:17,0,18,0
BRDA:17,0,19,0
BRDA:17,0,20,0
BRDA:17,0,21,0
BRDA:17,0,22,0
BRDA:17,0,23,0
BRDA:17,0,24,0
BRDA:17,0,25,0
BRDA:17,0,26,0
BRDA:17,0,27,0
BRDA:17,0,28,0
BRDA:17,0,29,0
BRDA:17,0,30,0
BRDA:17,0,31,0
DA:18,400
DA:19,200
DA:20,54
BRDA:20,0,0,47
BRDA:20,0,1,0
BRDA:20,0,2,0
BRDA:20,0,3,0
BRDA:20,0,4,0
BRDA:20,0,5,0
BRDA:20,0,6,0
BRDA:20,0,7,0
BRDA:20,0,8,0
BRDA:20,0,9,0
BRDA:20,0,10,0
BRDA:20,0,11,54
BRDA:20,0,12,0
BRDA:20,0,13,0
BRDA:20,0,14,0
BRDA:20,0,15,0
BRDA:20,0,16,0
BRDA:20,0,17,0
BRDA:20,0,18,0
BRDA:20,0,19,0
BRDA:20,0,20,0
BRDA:20,0,21,0
BRDA:20,0,22,52
BRDA:20,0,23,0
BRDA:20,0,24,0
BRDA:20,0,25,46
BRDA:20,0,26,46
BRDA:20,0,27,13
BRDA:20,0,28,0
BRDA:20,0,29,0
BRDA:20,0,30,0
BRDA:20,0,31,0
DA:30,1
DA:31,1
BRDA:31,0,0,0
BRDA:31,0,1,1
DA:32,0
DA:33,1
DA:34,10
BRDA:34,0,0,1
BRDA:34,0,1,10
DA:35,10
DA:45,1315
DA:46,1215
BRDA:46,0,0,1115
BRDA:46,0,1,100
BRDA:46,0,2,652
BRDA:46,0,3,100
BRDA:46,0,4,1215
DA:47,100
DA:52,1315
DA:53,1215
BRDA:53,0,0,1115
BRDA:53,0,1,100
BRDA:53,0,2,663
BRDA:53,0,3,100
BRDA:53,0,4,1215
DA:54,100
BRF:118
BRH:27
end_of_record
SF:/Users/macbook/chip_dev/ripple/ram/tb/block_ram_model/block_ram_model_wtb.v
DA:8,2629
DA:9,51
BRDA:9,0,0,45
BRDA:9,0,1,51
BRDA:9,0,2,49
BRDA:9,0,3,34
BRDA:9,0,4,0
BRDA:9,0,5,0
BRDA:9,0,6,0
BRDA:9,0,7,0
DA:10,54
BRDA:10,0,0,47
BRDA:10,0,1,0
BRDA:10,0,2,0
BRDA:10,0,3,0
BRDA:10,0,4,0
BRDA:10,0,5,0
BRDA:10,0,6,0
BRDA:10,0,7,0
BRDA:10,0,8,0
BRDA:10,0,9,0
BRDA:10,0,10,0
BRDA:10,0,11,54
BRDA:10,0,12,0
BRDA:10,0,13,0
BRDA:10,0,14,0
BRDA:10,0,15,0
BRDA:10,0,16,0
BRDA:10,0,17,0
BRDA:10,0,18,0
BRDA:10,0,19,0
BRDA:10,0,20,0
BRDA:10,0,21,0
BRDA:10,0,22,52
BRDA:10,0,23,0
BRDA:10,0,24,0
BRDA:10,0,25,46
BRDA:10,0,26,46
BRDA:10,0,27,13
BRDA:10,0,28,0
BRDA:10,0,29,0
BRDA:10,0,30,0
BRDA:10,0,31,0
DA:11,0
BRDA:11,0,0,0
BRDA:11,0,1,0
BRDA:11,0,2,0
BRDA:11,0,3,0
BRDA:11,0,4,0
BRDA:11,0,5,0
BRDA:11,0,6,0
BRDA:11,0,7,0
BRDA:11,0,8,0
BRDA:11,0,9,0
BRDA:11,0,10,0
BRDA:11,0,11,0
BRDA:11,0,12,0
BRDA:11,0,13,0
BRDA:11,0,14,0
BRDA:11,0,15,0
BRDA:11,0,16,0
BRDA:11,0,17,0
BRDA:11,0,18,0
BRDA:11,0,19,0
BRDA:11,0,20,0
BRDA:11,0,21,0
BRDA:11,0,22,0
BRDA:11,0,23,0
BRDA:11,0,24,0
BRDA:11,0,25,0
BRDA:11,0,26,0
BRDA:11,0,27,0
BRDA:11,0,28,0
BRDA:11,0,29,0
BRDA:11,0,30,0
BRDA:11,0,31,0
DA:12,400
DA:13,200
DA:14,54
BRDA:14,0,0,47
BRDA:14,0,1,0
BRDA:14,0,2,0
BRDA:14,0,3,0
BRDA:14,0,4,0
BRDA:14,0,5,0
BRDA:14,0,6,0
BRDA:14,0,7,0
BRDA:14,0,8,0
BRDA:14,0,9,0
BRDA:14,0,10,0
BRDA:14,0,11,54
BRDA:14,0,12,0
BRDA:14,0,13,0
BRDA:14,0,14,0
BRDA:14,0,15,0
BRDA:14,0,16,0
BRDA:14,0,17,0
BRDA:14,0,18,0
BRDA:14,0,19,0
BRDA:14,0,20,0
BRDA:14,0,21,0
BRDA:14,0,22,52
BRDA:14,0,23,0
BRDA:14,0,24,0
BRDA:14,0,25,46
BRDA:14,0,26,46
BRDA:14,0,27,13
BRDA:14,0,28,0
BRDA:14,0,29,0
BRDA:14,0,30,0
BRDA:14,0,31,0
DA:31,1
DA:32,1
BRF:104
BRH:16
end_of_record
